<?xml version="1.0" encoding="UTF-8"?>
<!-- Generated by org.testng.reporters.JUnitReportReporter -->
<testsuite hostname="DESKTOP-99GMRIM" failures="0" tests="1" name="Demo1.FirstClass" time="3.522" errors="0" timestamp="2023-03-30T16:58:09 IST" skipped="0">
  <testcase classname="Demo1.FirstClass" name="GetUser" time="3.522"/>
  <system-out/>
</testsuite> <!-- Demo1.FirstClass -->
